app/build/intermediates/manifest_merge_blame_file/debug/manifest-merger-blame-debug-report.txt
1<?xml version="1.0" encoding="utf-8"?>
2<manifest xmlns:android="http://schemas.android.com/apk/res/android"
3    package="com.successsynergy.mylawyerapp"
4    android:versionCode="1"
5    android:versionName="1.0" >
6
7    <uses-sdk
8        android:minSdkVersion="21"
8-->src/main/AndroidManifest.xml
9        android:targetSdkVersion="31" />
9-->src/main/AndroidManifest.xml
10
11    <uses-permission android:name="android.permission.INTERNET" />
11-->src/main/AndroidManifest.xml:5:5-67
11-->src/main/AndroidManifest.xml:5:22-64
12    <uses-permission android:name="android.permission.CAMERA" />
12-->src/main/AndroidManifest.xml:6:5-65
12-->src/main/AndroidManifest.xml:6:22-62
13    <uses-permission android:name="android.permission.READ_EXTERNAL_STORAGE" />
13-->src/main/AndroidManifest.xml:7:5-80
13-->src/main/AndroidManifest.xml:7:22-77
14    <uses-permission android:name="android.permission.WRITE_EXTERNAL_STORAGE" />
14-->src/main/AndroidManifest.xml:8:5-81
14-->src/main/AndroidManifest.xml:8:22-78
15    <uses-permission android:name="android.permission.RECORD_AUDIO" />
15-->src/main/AndroidManifest.xml:9:5-71
15-->src/main/AndroidManifest.xml:9:22-68
16
17    <!-- Although the *SdkVersion is captured in gradle build files, this is required for non gradle builds -->
18    <!-- <uses-sdk android:minSdkVersion="14"/> -->
19    <uses-permission android:name="android.permission.ACCESS_NETWORK_STATE" />
19-->[com.google.firebase:firebase-database:20.0.0] AndroidManifest.xml:25:5-79
19-->[com.google.firebase:firebase-database:20.0.0] AndroidManifest.xml:25:22-76
20    <uses-permission android:name="android.permission.WAKE_LOCK" /> <!-- Required by older versions of Google Play services to create IID tokens -->
20-->[com.google.firebase:firebase-iid:21.0.0] AndroidManifest.xml:24:5-68
20-->[com.google.firebase:firebase-iid:21.0.0] AndroidManifest.xml:24:22-65
21    <uses-permission android:name="com.google.android.c2dm.permission.RECEIVE" />
21-->[com.google.firebase:firebase-iid:21.0.0] AndroidManifest.xml:26:5-82
21-->[com.google.firebase:firebase-iid:21.0.0] AndroidManifest.xml:26:22-79
22    <uses-permission android:name="com.google.android.finsky.permission.BIND_GET_INSTALL_REFERRER_SERVICE" />
22-->[com.google.android.gms:play-services-measurement:18.0.0] AndroidManifest.xml:26:5-110
22-->[com.google.android.gms:play-services-measurement:18.0.0] AndroidManifest.xml:26:22-107
23
24    <application
24-->src/main/AndroidManifest.xml:11:5-71:19
25        android:allowBackup="true"
25-->src/main/AndroidManifest.xml:12:9-35
26        android:appComponentFactory="androidx.core.app.CoreComponentFactory"
26-->[androidx.core:core:1.5.0] AndroidManifest.xml:24:18-86
27        android:debuggable="true"
28        android:icon="@mipmap/ic_launcher"
28-->src/main/AndroidManifest.xml:13:9-43
29        android:label="@string/app_name"
29-->src/main/AndroidManifest.xml:14:9-41
30        android:requestLegacyExternalStorage="true"
30-->src/main/AndroidManifest.xml:15:9-52
31        android:roundIcon="@mipmap/ic_launcher_round"
31-->src/main/AndroidManifest.xml:16:9-54
32        android:supportsRtl="true"
32-->src/main/AndroidManifest.xml:17:9-35
33        android:testOnly="true"
34        android:theme="@style/Theme.SuccessSynergyApp" >
34-->src/main/AndroidManifest.xml:18:9-55
35        <activity android:name="com.example.successsynergyapp.dashboard.form.ViewFormActivity" />
35-->src/main/AndroidManifest.xml:19:9-78
35-->src/main/AndroidManifest.xml:19:19-66
36        <activity android:name="com.example.successsynergyapp.dashboard.form.UserFormActivity" />
36-->src/main/AndroidManifest.xml:20:9-69
36-->src/main/AndroidManifest.xml:20:19-66
37        <activity
37-->src/main/AndroidManifest.xml:21:9-23:52
38            android:name="com.example.successsynergyapp.auth.EditProfileActivity"
38-->src/main/AndroidManifest.xml:22:13-53
39            android:screenOrientation="portrait" />
39-->src/main/AndroidManifest.xml:23:13-49
40        <activity
40-->src/main/AndroidManifest.xml:24:9-26:52
41            android:name="com.example.successsynergyapp.dashboard.home.search.SearchActivity"
41-->src/main/AndroidManifest.xml:25:13-65
42            android:screenOrientation="portrait" />
42-->src/main/AndroidManifest.xml:26:13-49
43        <activity
43-->src/main/AndroidManifest.xml:27:9-29:52
44            android:name="com.example.successsynergyapp.auth.UserTypeActivity"
44-->src/main/AndroidManifest.xml:28:13-50
45            android:screenOrientation="portrait" />
45-->src/main/AndroidManifest.xml:29:13-49
46        <activity
46-->src/main/AndroidManifest.xml:30:9-32:52
47            android:name="com.example.successsynergyapp.auth.LoginActivity"
47-->src/main/AndroidManifest.xml:31:13-47
48            android:screenOrientation="portrait" />
48-->src/main/AndroidManifest.xml:32:13-49
49        <activity
49-->src/main/AndroidManifest.xml:33:9-35:52
50            android:name="com.example.successsynergyapp.auth.AuthActivity"
50-->src/main/AndroidManifest.xml:34:13-46
51            android:screenOrientation="portrait" />
51-->src/main/AndroidManifest.xml:35:13-49
52        <activity
52-->src/main/AndroidManifest.xml:36:9-45:20
53            android:name="com.example.successsynergyapp.auth.WalkThroughActivity"
53-->src/main/AndroidManifest.xml:37:13-53
54            android:exported="true"
54-->src/main/AndroidManifest.xml:38:13-36
55            android:screenOrientation="portrait" >
55-->src/main/AndroidManifest.xml:39:13-49
56            <intent-filter>
56-->src/main/AndroidManifest.xml:40:13-44:29
57                <action android:name="android.intent.action.MAIN" />
57-->src/main/AndroidManifest.xml:41:17-69
57-->src/main/AndroidManifest.xml:41:25-66
58
59                <category android:name="android.intent.category.LAUNCHER" />
59-->src/main/AndroidManifest.xml:43:17-77
59-->src/main/AndroidManifest.xml:43:27-74
60            </intent-filter>
61        </activity>
62        <activity
62-->src/main/AndroidManifest.xml:46:9-49:53
63            android:name="com.example.successsynergyapp.MainActivity"
63-->src/main/AndroidManifest.xml:47:13-41
64            android:screenOrientation="portrait"
64-->src/main/AndroidManifest.xml:48:13-49
65            android:theme="@style/Theme6AppTheme" />
65-->src/main/AndroidManifest.xml:49:13-50
66
67        <meta-data
67-->src/main/AndroidManifest.xml:51:9-53:57
68            android:name="preloaded_fonts"
68-->src/main/AndroidManifest.xml:52:13-43
69            android:resource="@array/preloaded_fonts" />
69-->src/main/AndroidManifest.xml:53:13-54
70
71        <service
71-->src/main/AndroidManifest.xml:55:9-62:19
72            android:name="com.example.successsynergyapp.notification.MyFireBaseMessagingService"
72-->src/main/AndroidManifest.xml:56:13-68
73            android:enabled="true"
73-->src/main/AndroidManifest.xml:57:13-35
74            android:exported="true" >
74-->src/main/AndroidManifest.xml:58:13-36
75            <intent-filter>
75-->src/main/AndroidManifest.xml:59:13-61:29
76                <action android:name="com.google.firebase.MESSAGING_EVENT" />
76-->src/main/AndroidManifest.xml:60:17-78
76-->src/main/AndroidManifest.xml:60:25-75
77            </intent-filter>
78        </service>
79        <service
79-->src/main/AndroidManifest.xml:63:9-70:19
80            android:name="com.example.successsynergyapp.notification.MyFirebaseIdService"
80-->src/main/AndroidManifest.xml:64:13-61
81            android:enabled="true"
81-->src/main/AndroidManifest.xml:65:13-35
82            android:exported="true" >
82-->src/main/AndroidManifest.xml:66:13-36
83            <intent-filter>
83-->src/main/AndroidManifest.xml:67:13-69:29
84                <action android:name="com.google.firebase.INSTANCE_ID_EVENT" />
84-->src/main/AndroidManifest.xml:68:17-80
84-->src/main/AndroidManifest.xml:68:25-77
85            </intent-filter>
86        </service>
87
88        <activity
88-->[com.google.firebase:firebase-auth:19.2.0] AndroidManifest.xml:24:9-31:50
89            android:name="com.google.firebase.auth.internal.FederatedSignInActivity"
89-->[com.google.firebase:firebase-auth:19.2.0] AndroidManifest.xml:25:13-85
90            android:excludeFromRecents="true"
90-->[com.google.firebase:firebase-auth:19.2.0] AndroidManifest.xml:26:13-46
91            android:exported="true"
91-->[com.google.firebase:firebase-auth:19.2.0] AndroidManifest.xml:27:13-36
92            android:launchMode="singleTask"
92-->[com.google.firebase:firebase-auth:19.2.0] AndroidManifest.xml:28:13-44
93            android:permission="com.google.firebase.auth.api.gms.permission.LAUNCH_FEDERATED_SIGN_IN"
93-->[com.google.firebase:firebase-auth:19.2.0] AndroidManifest.xml:29:13-102
94            android:theme="@android:style/Theme.Translucent.NoTitleBar" />
94-->[com.google.firebase:firebase-auth:19.2.0] AndroidManifest.xml:30:13-72
95
96        <service
96-->[com.google.firebase:firebase-auth:19.2.0] AndroidManifest.xml:33:9-39:19
97            android:name="com.google.firebase.components.ComponentDiscoveryService"
97-->[com.google.firebase:firebase-auth:19.2.0] AndroidManifest.xml:34:13-84
98            android:directBootAware="true"
98-->[com.google.firebase:firebase-common:20.0.0] AndroidManifest.xml:35:13-43
99            android:exported="false" >
99-->[com.google.firebase:firebase-auth:19.2.0] AndroidManifest.xml:35:13-37
100            <meta-data
100-->[com.google.firebase:firebase-auth:19.2.0] AndroidManifest.xml:36:13-38:85
101                android:name="com.google.firebase.components:com.google.firebase.auth.FirebaseAuthRegistrar"
101-->[com.google.firebase:firebase-auth:19.2.0] AndroidManifest.xml:37:17-109
102                android:value="com.google.firebase.components.ComponentRegistrar" />
102-->[com.google.firebase:firebase-auth:19.2.0] AndroidManifest.xml:38:17-82
103            <meta-data
103-->[com.google.firebase:firebase-database-ktx:20.0.0] AndroidManifest.xml:15:13-17:85
104                android:name="com.google.firebase.components:com.google.firebase.database.ktx.FirebaseDatabaseKtxRegistrar"
104-->[com.google.firebase:firebase-database-ktx:20.0.0] AndroidManifest.xml:16:17-124
105                android:value="com.google.firebase.components.ComponentRegistrar" />
105-->[com.google.firebase:firebase-database-ktx:20.0.0] AndroidManifest.xml:17:17-82
106            <meta-data
106-->[com.google.firebase:firebase-database:20.0.0] AndroidManifest.xml:32:13-34:85
107                android:name="com.google.firebase.components:com.google.firebase.database.DatabaseRegistrar"
107-->[com.google.firebase:firebase-database:20.0.0] AndroidManifest.xml:33:17-109
108                android:value="com.google.firebase.components.ComponentRegistrar" />
108-->[com.google.firebase:firebase-database:20.0.0] AndroidManifest.xml:34:17-82
109            <meta-data
109-->[com.google.firebase:firebase-storage:20.0.0] AndroidManifest.xml:33:13-35:85
110                android:name="com.google.firebase.components:com.google.firebase.storage.StorageRegistrar"
110-->[com.google.firebase:firebase-storage:20.0.0] AndroidManifest.xml:34:17-107
111                android:value="com.google.firebase.components.ComponentRegistrar" />
111-->[com.google.firebase:firebase-storage:20.0.0] AndroidManifest.xml:35:17-82
112            <meta-data
112-->[com.google.firebase:firebase-messaging:21.0.0] AndroidManifest.xml:39:13-41:85
113                android:name="com.google.firebase.components:com.google.firebase.messaging.FirebaseMessagingRegistrar"
113-->[com.google.firebase:firebase-messaging:21.0.0] AndroidManifest.xml:40:17-119
114                android:value="com.google.firebase.components.ComponentRegistrar" />
114-->[com.google.firebase:firebase-messaging:21.0.0] AndroidManifest.xml:41:17-82
115            <meta-data
115-->[com.google.firebase:firebase-common-ktx:20.0.0] AndroidManifest.xml:15:13-17:85
116                android:name="com.google.firebase.components:com.google.firebase.ktx.FirebaseCommonKtxRegistrar"
116-->[com.google.firebase:firebase-common-ktx:20.0.0] AndroidManifest.xml:16:17-113
117                android:value="com.google.firebase.components.ComponentRegistrar" />
117-->[com.google.firebase:firebase-common-ktx:20.0.0] AndroidManifest.xml:17:17-82
118            <meta-data
118-->[com.google.firebase:firebase-iid:21.0.0] AndroidManifest.xml:32:13-34:85
119                android:name="com.google.firebase.components:com.google.firebase.iid.Registrar"
119-->[com.google.firebase:firebase-iid:21.0.0] AndroidManifest.xml:33:17-96
120                android:value="com.google.firebase.components.ComponentRegistrar" />
120-->[com.google.firebase:firebase-iid:21.0.0] AndroidManifest.xml:34:17-82
121            <meta-data
121-->[com.google.android.gms:play-services-measurement-api:18.0.0] AndroidManifest.xml:30:13-32:85
122                android:name="com.google.firebase.components:com.google.firebase.analytics.connector.internal.AnalyticsConnectorRegistrar"
122-->[com.google.android.gms:play-services-measurement-api:18.0.0] AndroidManifest.xml:31:17-139
123                android:value="com.google.firebase.components.ComponentRegistrar" />
123-->[com.google.android.gms:play-services-measurement-api:18.0.0] AndroidManifest.xml:32:17-82
124            <meta-data
124-->[com.google.firebase:firebase-datatransport:17.0.3] AndroidManifest.xml:28:13-30:85
125                android:name="com.google.firebase.components:com.google.firebase.datatransport.TransportRegistrar"
125-->[com.google.firebase:firebase-datatransport:17.0.3] AndroidManifest.xml:29:17-115
126                android:value="com.google.firebase.components.ComponentRegistrar" />
126-->[com.google.firebase:firebase-datatransport:17.0.3] AndroidManifest.xml:30:17-82
127            <meta-data
127-->[com.google.firebase:firebase-installations:16.3.3] AndroidManifest.xml:17:13-19:85
128                android:name="com.google.firebase.components:com.google.firebase.installations.FirebaseInstallationsRegistrar"
128-->[com.google.firebase:firebase-installations:16.3.3] AndroidManifest.xml:18:17-127
129                android:value="com.google.firebase.components.ComponentRegistrar" />
129-->[com.google.firebase:firebase-installations:16.3.3] AndroidManifest.xml:19:17-82
130        </service>
131
132        <provider
132-->[com.squareup.picasso:picasso:2.71828] AndroidManifest.xml:8:9-11:40
133            android:name="com.squareup.picasso.PicassoProvider"
133-->[com.squareup.picasso:picasso:2.71828] AndroidManifest.xml:9:13-64
134            android:authorities="com.successsynergy.mylawyerapp.com.squareup.picasso"
134-->[com.squareup.picasso:picasso:2.71828] AndroidManifest.xml:10:13-72
135            android:exported="false" />
135-->[com.squareup.picasso:picasso:2.71828] AndroidManifest.xml:11:13-37
136        <!--
137             FirebaseMessagingService performs security checks at runtime,
138             but set to not exported to explicitly avoid allowing another app to call it.
139        -->
140        <service
140-->[com.google.firebase:firebase-messaging:21.0.0] AndroidManifest.xml:28:9-35:19
141            android:name="com.google.firebase.messaging.FirebaseMessagingService"
141-->[com.google.firebase:firebase-messaging:21.0.0] AndroidManifest.xml:29:13-82
142            android:directBootAware="true"
142-->[com.google.firebase:firebase-messaging:21.0.0] AndroidManifest.xml:30:13-43
143            android:exported="false" >
143-->[com.google.firebase:firebase-messaging:21.0.0] AndroidManifest.xml:31:13-37
144            <intent-filter android:priority="-500" >
144-->src/main/AndroidManifest.xml:59:13-61:29
145                <action android:name="com.google.firebase.MESSAGING_EVENT" />
145-->src/main/AndroidManifest.xml:60:17-78
145-->src/main/AndroidManifest.xml:60:25-75
146            </intent-filter>
147        </service>
148
149        <receiver
149-->[com.google.firebase:firebase-iid:21.0.0] AndroidManifest.xml:37:9-44:20
150            android:name="com.google.firebase.iid.FirebaseInstanceIdReceiver"
150-->[com.google.firebase:firebase-iid:21.0.0] AndroidManifest.xml:38:13-78
151            android:exported="true"
151-->[com.google.firebase:firebase-iid:21.0.0] AndroidManifest.xml:39:13-36
152            android:permission="com.google.android.c2dm.permission.SEND" >
152-->[com.google.firebase:firebase-iid:21.0.0] AndroidManifest.xml:40:13-73
153            <intent-filter>
153-->[com.google.firebase:firebase-iid:21.0.0] AndroidManifest.xml:41:13-43:29
154                <action android:name="com.google.android.c2dm.intent.RECEIVE" />
154-->[com.google.firebase:firebase-iid:21.0.0] AndroidManifest.xml:42:17-81
154-->[com.google.firebase:firebase-iid:21.0.0] AndroidManifest.xml:42:25-78
155            </intent-filter>
156        </receiver>
157
158        <activity
158-->[com.google.android.gms:play-services-base:17.1.0] AndroidManifest.xml:23:9-26:75
159            android:name="com.google.android.gms.common.api.GoogleApiActivity"
159-->[com.google.android.gms:play-services-base:17.1.0] AndroidManifest.xml:24:13-79
160            android:exported="false"
160-->[com.google.android.gms:play-services-base:17.1.0] AndroidManifest.xml:25:13-37
161            android:theme="@android:style/Theme.Translucent.NoTitleBar" />
161-->[com.google.android.gms:play-services-base:17.1.0] AndroidManifest.xml:26:13-72
162
163        <provider
163-->[com.google.firebase:firebase-common:20.0.0] AndroidManifest.xml:26:9-31:39
164            android:name="com.google.firebase.provider.FirebaseInitProvider"
164-->[com.google.firebase:firebase-common:20.0.0] AndroidManifest.xml:27:13-77
165            android:authorities="com.successsynergy.mylawyerapp.firebaseinitprovider"
165-->[com.google.firebase:firebase-common:20.0.0] AndroidManifest.xml:28:13-72
166            android:directBootAware="true"
166-->[com.google.firebase:firebase-common:20.0.0] AndroidManifest.xml:29:13-43
167            android:exported="false"
167-->[com.google.firebase:firebase-common:20.0.0] AndroidManifest.xml:30:13-37
168            android:initOrder="100" />
168-->[com.google.firebase:firebase-common:20.0.0] AndroidManifest.xml:31:13-36
169
170        <receiver
170-->[com.google.android.gms:play-services-measurement:18.0.0] AndroidManifest.xml:29:9-33:20
171            android:name="com.google.android.gms.measurement.AppMeasurementReceiver"
171-->[com.google.android.gms:play-services-measurement:18.0.0] AndroidManifest.xml:30:13-85
172            android:enabled="true"
172-->[com.google.android.gms:play-services-measurement:18.0.0] AndroidManifest.xml:31:13-35
173            android:exported="false" >
173-->[com.google.android.gms:play-services-measurement:18.0.0] AndroidManifest.xml:32:13-37
174        </receiver>
175
176        <service
176-->[com.google.android.gms:play-services-measurement:18.0.0] AndroidManifest.xml:35:9-38:40
177            android:name="com.google.android.gms.measurement.AppMeasurementService"
177-->[com.google.android.gms:play-services-measurement:18.0.0] AndroidManifest.xml:36:13-84
178            android:enabled="true"
178-->[com.google.android.gms:play-services-measurement:18.0.0] AndroidManifest.xml:37:13-35
179            android:exported="false" />
179-->[com.google.android.gms:play-services-measurement:18.0.0] AndroidManifest.xml:38:13-37
180        <service
180-->[com.google.android.gms:play-services-measurement:18.0.0] AndroidManifest.xml:39:9-43:72
181            android:name="com.google.android.gms.measurement.AppMeasurementJobService"
181-->[com.google.android.gms:play-services-measurement:18.0.0] AndroidManifest.xml:40:13-87
182            android:enabled="true"
182-->[com.google.android.gms:play-services-measurement:18.0.0] AndroidManifest.xml:41:13-35
183            android:exported="false"
183-->[com.google.android.gms:play-services-measurement:18.0.0] AndroidManifest.xml:42:13-37
184            android:permission="android.permission.BIND_JOB_SERVICE" />
184-->[com.google.android.gms:play-services-measurement:18.0.0] AndroidManifest.xml:43:13-69
185
186        <meta-data
186-->[com.google.android.gms:play-services-basement:17.0.0] AndroidManifest.xml:23:9-25:69
187            android:name="com.google.android.gms.version"
187-->[com.google.android.gms:play-services-basement:17.0.0] AndroidManifest.xml:24:13-58
188            android:value="@integer/google_play_services_version" />
188-->[com.google.android.gms:play-services-basement:17.0.0] AndroidManifest.xml:25:13-66
189
190        <service
190-->[com.google.android.datatransport:transport-backend-cct:2.2.0] AndroidManifest.xml:29:9-35:19
191            android:name="com.google.android.datatransport.runtime.backends.TransportBackendDiscovery"
191-->[com.google.android.datatransport:transport-backend-cct:2.2.0] AndroidManifest.xml:30:13-103
192            android:exported="false" >
192-->[com.google.android.datatransport:transport-backend-cct:2.2.0] AndroidManifest.xml:31:13-37
193            <meta-data
193-->[com.google.android.datatransport:transport-backend-cct:2.2.0] AndroidManifest.xml:32:13-34:39
194                android:name="backend:com.google.android.datatransport.cct.CctBackendFactory"
194-->[com.google.android.datatransport:transport-backend-cct:2.2.0] AndroidManifest.xml:33:17-94
195                android:value="cct" />
195-->[com.google.android.datatransport:transport-backend-cct:2.2.0] AndroidManifest.xml:34:17-36
196        </service>
197        <service
197-->[com.google.android.datatransport:transport-runtime:2.2.0] AndroidManifest.xml:26:9-30:19
198            android:name="com.google.android.datatransport.runtime.scheduling.jobscheduling.JobInfoSchedulerService"
198-->[com.google.android.datatransport:transport-runtime:2.2.0] AndroidManifest.xml:27:13-117
199            android:exported="false"
199-->[com.google.android.datatransport:transport-runtime:2.2.0] AndroidManifest.xml:28:13-37
200            android:permission="android.permission.BIND_JOB_SERVICE" >
200-->[com.google.android.datatransport:transport-runtime:2.2.0] AndroidManifest.xml:29:13-69
201        </service>
202
203        <receiver
203-->[com.google.android.datatransport:transport-runtime:2.2.0] AndroidManifest.xml:32:9-34:40
204            android:name="com.google.android.datatransport.runtime.scheduling.jobscheduling.AlarmManagerSchedulerBroadcastReceiver"
204-->[com.google.android.datatransport:transport-runtime:2.2.0] AndroidManifest.xml:33:13-132
205            android:exported="false" />
205-->[com.google.android.datatransport:transport-runtime:2.2.0] AndroidManifest.xml:34:13-37
206    </application>
207
208</manifest>